<?xml version="1.0" encoding="UTF-8"?>
<testsuite name="com.jobportal.gateway.GatewayApplicationTest" tests="1" skipped="0" failures="0" errors="0" timestamp="2026-04-01T15:50:43.420Z" hostname="SantaClones-MacBook-Pro-5.local" time="1.977">
  <properties/>
  <testcase name="contextLoads()" classname="com.jobportal.gateway.GatewayApplicationTest" time="0.392"/>
  <system-out><![CDATA[16:50:43.481 [Test worker] INFO org.springframework.test.context.support.AnnotationConfigContextLoaderUtils -- Could not detect default configuration classes for test class [com.jobportal.gateway.GatewayApplicationTest]: GatewayApplicationTest does not declare any static, non-private, non-final, nested classes annotated with @Configuration.
16:50:43.525 [Test worker] INFO org.springframework.boot.test.context.SpringBootTestContextBootstrapper -- Found @SpringBootConfiguration com.jobportal.gateway.GatewayApplication for test class com.jobportal.gateway.GatewayApplicationTest

  .   ____          _            __ _ _
 /\\ / ___'_ __ _ _(_)_ __  __ _ \ \ \ \
( ( )\___ | '_ | '_| | '_ \/ _` | \ \ \ \
 \\/  ___)| |_)| | | | | || (_| |  ) ) ) )
  '  |____| .__|_| |_|_| |_\__, | / / / /
 =========|_|==============|___/=/_/_/_/

 :: Spring Boot ::                (v3.4.3)

2026-04-01T16:50:43.793+01:00  INFO 64149 --- [gateway] [    Test worker] [                                                 ] c.j.gateway.GatewayApplicationTest       : Starting GatewayApplicationTest using Java 21.0.7 with PID 64149 (started by santaclone in /Users/santaclone/jobportal/backend/gateway)
2026-04-01T16:50:43.794+01:00 DEBUG 64149 --- [gateway] [    Test worker] [                                                 ] c.j.gateway.GatewayApplicationTest       : Running with Spring Boot v3.4.3, Spring v6.2.3
2026-04-01T16:50:43.794+01:00  INFO 64149 --- [gateway] [    Test worker] [                                                 ] c.j.gateway.GatewayApplicationTest       : The following 1 profile is active: "test"
2026-04-01T16:50:44.353+01:00  INFO 64149 --- [gateway] [    Test worker] [                                                 ] o.s.cloud.context.scope.GenericScope     : BeanFactory id=f267f439-0210-3974-9984-a7b122b2b14e
2026-04-01T16:50:44.747+01:00  INFO 64149 --- [gateway] [    Test worker] [                                                 ] o.s.c.g.r.RouteDefinitionRouteLocator    : Loaded RoutePredicateFactory [After]
2026-04-01T16:50:44.747+01:00  INFO 64149 --- [gateway] [    Test worker] [                                                 ] o.s.c.g.r.RouteDefinitionRouteLocator    : Loaded RoutePredicateFactory [Before]
2026-04-01T16:50:44.747+01:00  INFO 64149 --- [gateway] [    Test worker] [                                                 ] o.s.c.g.r.RouteDefinitionRouteLocator    : Loaded RoutePredicateFactory [Between]
2026-04-01T16:50:44.747+01:00  INFO 64149 --- [gateway] [    Test worker] [                                                 ] o.s.c.g.r.RouteDefinitionRouteLocator    : Loaded RoutePredicateFactory [Cookie]
2026-04-01T16:50:44.747+01:00  INFO 64149 --- [gateway] [    Test worker] [                                                 ] o.s.c.g.r.RouteDefinitionRouteLocator    : Loaded RoutePredicateFactory [Header]
2026-04-01T16:50:44.747+01:00  INFO 64149 --- [gateway] [    Test worker] [                                                 ] o.s.c.g.r.RouteDefinitionRouteLocator    : Loaded RoutePredicateFactory [Host]
2026-04-01T16:50:44.747+01:00  INFO 64149 --- [gateway] [    Test worker] [                                                 ] o.s.c.g.r.RouteDefinitionRouteLocator    : Loaded RoutePredicateFactory [Method]
2026-04-01T16:50:44.747+01:00  INFO 64149 --- [gateway] [    Test worker] [                                                 ] o.s.c.g.r.RouteDefinitionRouteLocator    : Loaded RoutePredicateFactory [Path]
2026-04-01T16:50:44.747+01:00  INFO 64149 --- [gateway] [    Test worker] [                                                 ] o.s.c.g.r.RouteDefinitionRouteLocator    : Loaded RoutePredicateFactory [Query]
2026-04-01T16:50:44.747+01:00  INFO 64149 --- [gateway] [    Test worker] [                                                 ] o.s.c.g.r.RouteDefinitionRouteLocator    : Loaded RoutePredicateFactory [ReadBody]
2026-04-01T16:50:44.747+01:00  INFO 64149 --- [gateway] [    Test worker] [                                                 ] o.s.c.g.r.RouteDefinitionRouteLocator    : Loaded RoutePredicateFactory [RemoteAddr]
2026-04-01T16:50:44.748+01:00  INFO 64149 --- [gateway] [    Test worker] [                                                 ] o.s.c.g.r.RouteDefinitionRouteLocator    : Loaded RoutePredicateFactory [XForwardedRemoteAddr]
2026-04-01T16:50:44.748+01:00  INFO 64149 --- [gateway] [    Test worker] [                                                 ] o.s.c.g.r.RouteDefinitionRouteLocator    : Loaded RoutePredicateFactory [Weight]
2026-04-01T16:50:44.748+01:00  INFO 64149 --- [gateway] [    Test worker] [                                                 ] o.s.c.g.r.RouteDefinitionRouteLocator    : Loaded RoutePredicateFactory [CloudFoundryRouteService]
2026-04-01T16:50:44.836+01:00  INFO 64149 --- [gateway] [    Test worker] [                                                 ] o.s.b.a.e.web.EndpointLinksResolver      : Exposing 2 endpoints beneath base path '/actuator'
2026-04-01T16:50:45.002+01:00 DEBUG 64149 --- [gateway] [    Test worker] [                                                 ] o.s.c.g.filter.GatewayMetricsFilter      : New routes count: 0
2026-04-01T16:50:45.003+01:00  INFO 64149 --- [gateway] [    Test worker] [                                                 ] c.j.gateway.GatewayApplicationTest       : Started GatewayApplicationTest in 1.352 seconds (process running for 1.87)
]]></system-out>
  <system-err><![CDATA[Mockito is currently self-attaching to enable the inline-mock-maker. This will no longer work in future releases of the JDK. Please add Mockito as an agent to your build what is described in Mockito's documentation: https://javadoc.io/doc/org.mockito/mockito-core/latest/org/mockito/Mockito.html#0.3
WARNING: A Java agent has been loaded dynamically (/Users/santaclone/.gradle/caches/modules-2/files-2.1/net.bytebuddy/byte-buddy-agent/1.15.11/a38b16385e867f59a641330f0362ebe742788ed8/byte-buddy-agent-1.15.11.jar)
WARNING: If a serviceability tool is in use, please run with -XX:+EnableDynamicAgentLoading to hide this warning
WARNING: If a serviceability tool is not in use, please run with -Djdk.instrument.traceUsage for more information
WARNING: Dynamic loading of agents will be disallowed by default in a future release
]]></system-err>
</testsuite>
